2025-05-10 21:53:35,588 - INFO - Starting transaction sync service
2025-05-10 21:53:35,678 - ERROR - Error uploading transactions: 4025 (23000): CONSTRAINT `transactions.items` failed for `WyvernPOS`.`transactions`
2025-05-10 21:54:35,691 - ERROR - Error uploading transactions: 4025 (23000): CONSTRAINT `transactions.items` failed for `WyvernPOS`.`transactions`
2025-05-10 21:54:48,204 - INFO - Transaction sync service stopped
2025-05-10 21:56:17,108 - INFO - Starting transaction sync service
2025-05-10 21:56:17,134 - INFO - Successfully uploaded transactions to MySQL server
2025-05-10 21:57:17,170 - INFO - Successfully uploaded transactions to MySQL server
2025-05-10 21:58:17,205 - INFO - Successfully uploaded transactions to MySQL server
2025-05-10 21:59:17,093 - INFO - Transaction sync service stopped
2025-05-12 10:45:03,263 - INFO - Starting transaction sync service
2025-05-12 10:45:03,313 - INFO - Successfully uploaded transactions to MySQL server
2025-05-12 10:45:19,125 - INFO - Transaction sync service stopped
2025-05-12 11:02:26,986 - INFO - Starting transaction sync service
2025-05-12 11:02:26,996 - INFO - Successfully uploaded transactions to MySQL server
2025-05-12 11:02:33,017 - INFO - Transaction sync service stopped
2025-05-12 12:27:20,661 - INFO - Starting transaction sync service
2025-05-12 12:27:20,678 - INFO - Successfully uploaded transactions to MySQL server
2025-05-12 12:27:23,738 - INFO - Transaction sync service stopped
2025-05-13 16:54:58,902 - INFO - Starting transaction sync service
2025-05-13 16:55:01,978 - ERROR - Error in sync loop: cannot access local variable 'connection' where it is not associated with a value
2025-05-13 17:33:07,799 - INFO - Starting transaction sync service
2025-05-13 17:33:07,815 - INFO - Successfully uploaded transactions to MySQL server
2025-05-13 17:33:10,026 - INFO - Transaction sync service stopped
2025-05-13 18:08:52,016 - INFO - Starting transaction sync service
2025-05-13 18:08:52,039 - INFO - Successfully uploaded transactions to MySQL server
2025-05-13 18:09:00,357 - INFO - Transaction sync service stopped
