Timestamp: 2025-05-12 10:41:18
Payment Method: cash
Total Amount: R115.00

Items:
- KITCHEN > PIZZA (CHICKEN) - R115
================================================================================
Timestamp: 2025-05-12 11:02:05
Payment Method: cash
Total Amount: R125.00

Items:
- KITCHEN > PIZZA (MEAT) - R125
================================================================================
Timestamp: 2025-05-12 11:02:15
Payment Method: cash
Total Amount: R115.00

Items:
- KITCHEN > PIZZA (CHICKEN) - R115
================================================================================
Timestamp: 2025-05-12 12:26:59
Payment Method: cash
Total Amount: R1095.00

Items:
- KITCHEN > PIZZA (CHICKEN) - R115
- KITCHEN > PIZZA (CHICKEN) - R115
- KITCHEN > PIZZA (CHICKEN) - R115
- KITCHEN > PIZZA (MEAT) - R125
- KITCHEN > PIZZA (MEAT) - R125
- KITCHEN > PIZZA (VEGETARIAN) - R500
================================================================================
