Timestamp: 2025-05-10 21:57:11
Payment Method: cash
Total Amount: R215.00

Items:
- BEER > BLACK LABEL (340ML) - R25
- BEER > BLACK LABEL (340ML) - R25
- BEER > BLACK LABEL (340ML) - R25
- BEER > HEINEKEN LAGER (340ML) - R35
- BEER > HEINEKEN LAGER (340ML) - R35
- BEER > HEINEKEN LAGER (340ML) - R35
- BEER > HEINEKEN LAGER (340ML) - R35
================================================================================
Timestamp: 2025-05-10 21:57:24
Payment Method: card
Total Amount: R630.00

Items:
- RED WINE > BEYERSKLOOF PINOTAGE (BOTTLE) - R210
- RED WINE > BEYERSKLOOF PINOTAGE (BOTTLE) - R210
- RED WINE > BEYERSKLOOF PINOTAGE (BOTTLE) - R210
================================================================================
